********************************************************************************
DUPLICATOR-LITE PACKAGE-LOG: 15 June 2026 9h53
NOTICE: Do NOT post to public sites or forums 
********************************************************************************
VERSION:	1.5.16.1
WORDPRESS:	7.0
PHP INFO:	8.2.31 | SAPI: apache2handler
SERVER:		Apache/2.4.67 (Debian) 
PHP TIME LIMIT: (0) no time limit imposed 
PHP MAX MEMORY: 4294967296 (128M default) 
MEMORY STACK: 8MB

********************************************************************************
DATABASE:
********************************************************************************
BUILD MODE:   MYSQLDUMP
MYSQLTIMEOUT: 5000
MYSQLDUMP:    Is Supported
SQL CREATED: 20260615_d56467958584cd788183_20260615095300_database.sql
SQL FILE SIZE: 1.45MB (1525116)
SQL FILE TIME: 2026-06-15 09:53:35
SQL RUNTIME: 0.17 sec.

********************************************************************************
ARCHIVE (ZIP):
********************************************************************************
ARCHIVE DIR:  /var/www/sae202-agence
ARCHIVE FILE: 20260615_d56467958584cd788183_20260615095300_archive.zip
FILTERS: *OFF*
DIRS:
	not set
FILES:
	not set
EXTS:  not set
----------------------------------------
COMPRESSING
SIZE:	137.78MB
STATS:	Dirs 1,057 | Files 6,908
SQL ADDED: 20260615_d56467958584cd788183_20260615095300_database.sql
ZipArchive Object
(
    [lastId] => 7964
    [status] => 0
    [statusSys] => 0
    [numFiles] => 7965
    [filename] => /var/www/sae202-agence/wp-content/backups-dup-lite/tmp/20260615_d56467958584cd788183_20260615095300_archive.zip
    [comment] => 
)

FILE ADDED TO ZIP: 7964
COMPRESSION RESULT: '1'
COMPRESSED SIZE: 57.68MB
ARCHIVE RUNTIME: 16.14 sec.
MEMORY STACK: 8MB
building installer
ARCHIVE CONSISTENCY TEST: PASS

********************************************************************************
INTEGRITY CHECKS:
********************************************************************************
SQL FILE: 1.45MB
INSTALLER FILE: 73.48KB
ARCHIVE FILE: 59.58MB 
EXPECTED FILE/DIRECTORY COUNT: 7,965
ACTUAL FILE/DIRECTORY COUNT: 7,964
ARCHIVE CONSISTENCY TEST: Pass

********************************************************************************
RECORD ID:[1]
TOTAL PROCESS RUNTIME: 18.33 sec.
PEAK PHP MEMORY USED: 8MB
DONE PROCESSING => 20260615 15 June 2026 9h53

